Performing C SOURCE FILE Test CMAKE_HAVE_LIBC_PTHREAD failed with the following output:
Change Dir: /home/sgx/CLionProjects/LNTEESGX/cmake-build-debug/CMakeFiles/CMakeTmp

Run Build Command(s):/usr/bin/make cmTC_8c030/fast && /usr/bin/make -f CMakeFiles/cmTC_8c030.dir/build.make CMakeFiles/cmTC_8c030.dir/build
make[1]: Entering directory '/home/sgx/CLionProjects/LNTEESGX/cmake-build-debug/CMakeFiles/CMakeTmp'
Building C object CMakeFiles/cmTC_8c030.dir/src.c.o
/usr/bin/cc   -DCMAKE_HAVE_LIBC_PTHREAD   -o CMakeFiles/cmTC_8c030.dir/src.c.o   -c /home/sgx/CLionProjects/LNTEESGX/cmake-build-debug/CMakeFiles/CMakeTmp/src.c
Linking C executable cmTC_8c030
/home/sgx/Downloads/clion-2020.1.1/bin/cmake/linux/bin/cmake -E cmake_link_script CMakeFiles/cmTC_8c030.dir/link.txt --verbose=1
/usr/bin/cc  -DCMAKE_HAVE_LIBC_PTHREAD    -rdynamic CMakeFiles/cmTC_8c030.dir/src.c.o  -o cmTC_8c030 
/usr/local/bin/ld: CMakeFiles/cmTC_8c030.dir/src.c.o: in function `main':
src.c:(.text+0x3e): undefined reference to `pthread_create'
/usr/local/bin/ld: src.c:(.text+0x4a): undefined reference to `pthread_detach'
/usr/local/bin/ld: src.c:(.text+0x5b): undefined reference to `pthread_join'
/usr/local/bin/ld: src.c:(.text+0x6f): undefined reference to `pthread_atfork'
collect2: error: ld returned 1 exit status
CMakeFiles/cmTC_8c030.dir/build.make:86: recipe for target 'cmTC_8c030' failed
make[1]: *** [cmTC_8c030] Error 1
make[1]: Leaving directory '/home/sgx/CLionProjects/LNTEESGX/cmake-build-debug/CMakeFiles/CMakeTmp'
Makefile:121: recipe for target 'cmTC_8c030/fast' failed
make: *** [cmTC_8c030/fast] Error 2


Source file was:
#include <pthread.h>

void* test_func(void* data)
{
  return data;
}

int main(void)
{
  pthread_t thread;
  pthread_create(&thread, NULL, test_func, NULL);
  pthread_detach(thread);
  pthread_join(thread, NULL);
  pthread_atfork(NULL, NULL, NULL);
  pthread_exit(NULL);

  return 0;
}

Determining if the function pthread_create exists in the pthreads failed with the following output:
Change Dir: /home/sgx/CLionProjects/LNTEESGX/cmake-build-debug/CMakeFiles/CMakeTmp

Run Build Command(s):/usr/bin/make cmTC_354cc/fast && /usr/bin/make -f CMakeFiles/cmTC_354cc.dir/build.make CMakeFiles/cmTC_354cc.dir/build
make[1]: Entering directory '/home/sgx/CLionProjects/LNTEESGX/cmake-build-debug/CMakeFiles/CMakeTmp'
Building C object CMakeFiles/cmTC_354cc.dir/CheckFunctionExists.c.o
/usr/bin/cc   -DCHECK_FUNCTION_EXISTS=pthread_create   -o CMakeFiles/cmTC_354cc.dir/CheckFunctionExists.c.o   -c /home/sgx/Downloads/clion-2020.1.1/bin/cmake/linux/share/cmake-3.16/Modules/CheckFunctionExists.c
Linking C executable cmTC_354cc
/home/sgx/Downloads/clion-2020.1.1/bin/cmake/linux/bin/cmake -E cmake_link_script CMakeFiles/cmTC_354cc.dir/link.txt --verbose=1
/usr/bin/cc  -DCHECK_FUNCTION_EXISTS=pthread_create    -rdynamic CMakeFiles/cmTC_354cc.dir/CheckFunctionExists.c.o  -o cmTC_354cc  -lpthreads 
/usr/local/bin/ld: cannot find -lpthreads
collect2: error: ld returned 1 exit status
CMakeFiles/cmTC_354cc.dir/build.make:86: recipe for target 'cmTC_354cc' failed
make[1]: *** [cmTC_354cc] Error 1
make[1]: Leaving directory '/home/sgx/CLionProjects/LNTEESGX/cmake-build-debug/CMakeFiles/CMakeTmp'
Makefile:121: recipe for target 'cmTC_354cc/fast' failed
make: *** [cmTC_354cc/fast] Error 2



Performing C SOURCE FILE Test OE_SPECTRE_MITIGATION_C_FLAGS_SUPPORTED failed with the following output:
Change Dir: /home/sgx/CLionProjects/LNTEESGX/cmake-build-debug/CMakeFiles/CMakeTmp

Run Build Command(s):/usr/bin/make cmTC_63352/fast && /usr/bin/make -f CMakeFiles/cmTC_63352.dir/build.make CMakeFiles/cmTC_63352.dir/build
make[1]: Entering directory '/home/sgx/CLionProjects/LNTEESGX/cmake-build-debug/CMakeFiles/CMakeTmp'
Building C object CMakeFiles/cmTC_63352.dir/src.c.o
/usr/bin/cc   -DOE_SPECTRE_MITIGATION_C_FLAGS_SUPPORTED   -mllvm -x86-speculative-load-hardening -o CMakeFiles/cmTC_63352.dir/src.c.o   -c /home/sgx/CLionProjects/LNTEESGX/cmake-build-debug/CMakeFiles/CMakeTmp/src.c
cc: error: unrecognized command line option '-mllvm'
CMakeFiles/cmTC_63352.dir/build.make:65: recipe for target 'CMakeFiles/cmTC_63352.dir/src.c.o' failed
make[1]: *** [CMakeFiles/cmTC_63352.dir/src.c.o] Error 1
make[1]: Leaving directory '/home/sgx/CLionProjects/LNTEESGX/cmake-build-debug/CMakeFiles/CMakeTmp'
Makefile:121: recipe for target 'cmTC_63352/fast' failed
make: *** [cmTC_63352/fast] Error 2


Source file was:
int main(void) { return 0; }
Performing C++ SOURCE FILE Test OE_SPECTRE_MITIGATION_CXX_FLAGS_SUPPORTED failed with the following output:
Change Dir: /home/sgx/CLionProjects/LNTEESGX/cmake-build-debug/CMakeFiles/CMakeTmp

Run Build Command(s):/usr/bin/make cmTC_e60fd/fast && /usr/bin/make -f CMakeFiles/cmTC_e60fd.dir/build.make CMakeFiles/cmTC_e60fd.dir/build
make[1]: Entering directory '/home/sgx/CLionProjects/LNTEESGX/cmake-build-debug/CMakeFiles/CMakeTmp'
Building CXX object CMakeFiles/cmTC_e60fd.dir/src.cxx.o
/usr/bin/c++    -Wall -Wextra -DOE_SPECTRE_MITIGATION_CXX_FLAGS_SUPPORTED   -mllvm -x86-speculative-load-hardening -std=gnu++1z -o CMakeFiles/cmTC_e60fd.dir/src.cxx.o -c /home/sgx/CLionProjects/LNTEESGX/cmake-build-debug/CMakeFiles/CMakeTmp/src.cxx
c++: error: unrecognized command line option '-mllvm'
CMakeFiles/cmTC_e60fd.dir/build.make:65: recipe for target 'CMakeFiles/cmTC_e60fd.dir/src.cxx.o' failed
make[1]: *** [CMakeFiles/cmTC_e60fd.dir/src.cxx.o] Error 1
make[1]: Leaving directory '/home/sgx/CLionProjects/LNTEESGX/cmake-build-debug/CMakeFiles/CMakeTmp'
Makefile:121: recipe for target 'cmTC_e60fd/fast' failed
make: *** [cmTC_e60fd/fast] Error 2


Source file was:
int main() { return 0; }
